#
# A fatal error has been detected by the Java Runtime Environment:
#
#  Internal Error (./open/src/hotspot/share/oops/generateOopMap.cpp:2164), pid=41612, tid=41244
#  fatal error: Illegal class file encountered. Try running with -Xverify:all in method saveOrder
#
# JRE version: Java(TM) SE Runtime Environment 18.9 (11.0.12+8) (build 11.0.12+8-LTS-237)
# Java VM: Java HotSpot(TM) 64-Bit Server VM 18.9 (11.0.12+8-LTS-237, mixed mode, tiered, compressed oops, g1 gc, windows-amd64)
# No core dump will be written. Minidumps are not enabled by default on client versions of Windows
#
# If you would like to submit a bug report, please visit:
#   https://bugreport.java.com/bugreport/crash.jsp
#

---------------  S U M M A R Y ------------

Command Line: -agentlib:jdwp=transport=dt_socket,server=n,address=54914 com.homework.pizza_app.PizzaAppApplication

Host: Intel(R) Core(TM) i7-8550U CPU @ 1.80GHz, 8 cores, 15G,  Windows 10 , 64 bit Build 18362 (10.0.18362.1500)
Time: Thu Aug 26 13:32:14 2021 ora legale Europa occidentale elapsed time: 771.719648 seconds (0d 0h 12m 51s)

---------------  T H R E A D  ---------------

Current thread (0x000002087f427800):  VMThread "VM Thread" [stack: 0x000000aa7ee00000,0x000000aa7ef00000] [id=41244]

Stack: [0x000000aa7ee00000,0x000000aa7ef00000]
[error occurred during error reporting (printing stack bounds), id 0xc0000005, EXCEPTION_ACCESS_VIOLATION (0xc0000005) at pc=0x0000020800000f2d]

Native frames: (J=compiled Java code, j=interpreted, Vv=VM code, C=native code)
V  [jvm.dll+0x617d9a]
V  [jvm.dll+0x74eeef]
V  [jvm.dll+0x750599]
V  [jvm.dll+0x750b85]
V  [jvm.dll+0x750b3b]
V  [jvm.dll+0x6175d3]
V  [jvm.dll+0x617998]
C  [ntdll.dll+0xa1fff]
C  [ntdll.dll+0x6aad9]
C  [ntdll.dll+0xa0c6e]
C  0x0000020800000f2d

VM_Operation (0x000000aa7f7ff200): GetOrSetLocal, mode: safepoint, requested by thread 0x0000020819202000


---------------  P R O C E S S  ---------------

Threads class SMR info:
_java_thread_list=0x000002081d3623b0, length=22, elements={
0x000002087f42d800, 0x0000020818fc1800, 0x000002081902e000, 0x0000020819030800,
0x0000020818fdc000, 0x0000020819035800, 0x0000020819044000, 0x000002081906c800,
0x0000020819202000, 0x0000020819205000, 0x0000020819206800, 0x0000020818fdb000,
0x0000020818fdd800, 0x0000020821f01800, 0x0000020821f02800, 0x0000020821f05000,
0x0000020821f03800, 0x0000020821efd800, 0x0000020821eff000, 0x0000020821f00000,
0x0000020821efc800, 0x0000020821f04000
}

Java Threads: ( => current thread )
  0x000002087f42d800 JavaThread "Reference Handler" daemon [_thread_blocked, id=35620, stack(0x000000aa7ef00000,0x000000aa7f000000)]
  0x0000020818fc1800 JavaThread "Finalizer" daemon [_thread_blocked, id=38064, stack(0x000000aa7f000000,0x000000aa7f100000)]
  0x000002081902e000 JavaThread "Signal Dispatcher" daemon [_thread_blocked, id=31492, stack(0x000000aa7f100000,0x000000aa7f200000)]
  0x0000020819030800 JavaThread "Attach Listener" daemon [_thread_blocked, id=41304, stack(0x000000aa7f200000,0x000000aa7f300000)]
  0x0000020818fdc000 JavaThread "Service Thread" daemon [_thread_blocked, id=17980, stack(0x000000aa7f300000,0x000000aa7f400000)]
  0x0000020819035800 JavaThread "C2 CompilerThread0" daemon [_thread_blocked, id=31320, stack(0x000000aa7f400000,0x000000aa7f500000)]
  0x0000020819044000 JavaThread "C1 CompilerThread0" daemon [_thread_blocked, id=35656, stack(0x000000aa7f500000,0x000000aa7f600000)]
  0x000002081906c800 JavaThread "Sweeper thread" daemon [_thread_blocked, id=36512, stack(0x000000aa7f600000,0x000000aa7f700000)]
  0x0000020819202000 JavaThread "JDWP Transport Listener: dt_socket" daemon [_thread_blocked, id=38764, stack(0x000000aa7f700000,0x000000aa7f800000)] _threads_hazard_ptr=0x000002081d3623b0
  0x0000020819205000 JavaThread "JDWP Event Helper Thread" daemon [_thread_blocked, id=30968, stack(0x000000aa7f800000,0x000000aa7f900000)]
  0x0000020819206800 JavaThread "JDWP Command Reader" daemon [_thread_in_native, id=23304, stack(0x000000aa7f900000,0x000000aa7fa00000)]
  0x0000020818fdb000 JavaThread "Common-Cleaner" daemon [_thread_blocked, id=31052, stack(0x000000aa7fb00000,0x000000aa7fc00000)]
  0x0000020818fdd800 JavaThread "mysql-cj-abandoned-connection-cleanup" daemon [_thread_blocked, id=35440, stack(0x000000aa00c00000,0x000000aa00d00000)]
  0x0000020821f01800 JavaThread "Live Reload Server" daemon [_thread_in_native, id=24700, stack(0x000000aa01300000,0x000000aa01400000)]
  0x0000020821f02800 JavaThread "DestroyJavaVM" [_thread_blocked, id=33420, stack(0x000000aa7e800000,0x000000aa7e900000)]
  0x0000020821f05000 JavaThread "http-nio-8081-exec-1" daemon [_thread_blocked, id=40596, stack(0x000000aa00300000,0x000000aa00400000)]
  0x0000020821f03800 JavaThread "Thread-5" [_thread_blocked, id=31500, stack(0x000000aa00d00000,0x000000aa00e00000)]
  0x0000020821efd800 JavaThread "restartedMain" [_thread_blocked, id=37876, stack(0x000000aa00a00000,0x000000aa00b00000)]
  0x0000020821eff000 JavaThread "Catalina-utility-1" [_thread_blocked, id=35468, stack(0x000000aa00e00000,0x000000aa00f00000)]
  0x0000020821f00000 JavaThread "Catalina-utility-2" [_thread_blocked, id=40212, stack(0x000000aa01000000,0x000000aa01100000)]
  0x0000020821efc800 JavaThread "container-0" [_thread_blocked, id=40944, stack(0x000000aa01100000,0x000000aa01200000)]
  0x0000020821f04000 JavaThread "HikariPool-2 housekeeper" daemon [_thread_blocked, id=30864, stack(0x000000aa01200000,0x000000aa01300000)]

Other Threads:
=>0x000002087f427800 VMThread "VM Thread" [stack: 0x000000aa7ee00000,0x000000aa7ef00000] [id=41244]
  0x0000020819225800 WatcherThread [stack: 0x000000aa7fa00000,0x000000aa7fb00000] [id=34384]
  0x00000208748d4000 GCTaskThread "GC Thread#0" [stack: 0x000000aa7e900000,0x000000aa7ea00000] [id=22820]
  0x0000020819c44000 GCTaskThread "GC Thread#1" [stack: 0x000000aa7fe00000,0x000000aa7ff00000] [id=14512]
  0x000002081a158000 GCTaskThread "GC Thread#2" [stack: 0x000000aa7ff00000,0x000000aa80000000] [id=31576]
  0x000002081a158800 GCTaskThread "GC Thread#3" [stack: 0x000000aa00000000,0x000000aa00100000] [id=40236]
  0x000002081a031800 GCTaskThread "GC Thread#4" [stack: 0x000000aa00100000,0x000000aa00200000] [id=29724]
  0x000002081a032000 GCTaskThread "GC Thread#5" [stack: 0x000000aa00200000,0x000000aa00300000] [id=18628]
  0x000002081a95e800 GCTaskThread "GC Thread#6" [stack: 0x000000aa00600000,0x000000aa00700000] [id=16772]
  0x000002081a660000 GCTaskThread "GC Thread#7" [stack: 0x000000aa00700000,0x000000aa00800000] [id=24980]
  0x0000020874930800 ConcurrentGCThread "G1 Main Marker" [stack: 0x000000aa7ea00000,0x000000aa7eb00000] [id=40536]
  0x0000020874932000 ConcurrentGCThread "G1 Conc#0" [stack: 0x000000aa7eb00000,0x000000aa7ec00000] [id=36256]
  0x000002081a176000 ConcurrentGCThread "G1 Conc#1" [stack: 0x000000aa00800000,0x000000aa00900000] [id=40572]
  0x000002087f30f800 ConcurrentGCThread "G1 Refine#0" [stack: 0x000000aa7ec00000,0x000000aa7ed00000] [id=21772]
  0x000002087f312000 ConcurrentGCThread "G1 Young RemSet Sampling" [stack: 0x000000aa7ed00000,0x000000aa7ee00000] [id=31436]

Threads with active compile tasks:

VM state:at safepoint (normal execution)

VM Mutex/Monitor currently owned by a thread:  ([mutex/lock_event])
[0x000002087266f210] Threads_lock - owner thread: 0x000002087f427800

Heap address: 0x0000000701c00000, size: 4068 MB, Compressed Oops mode: Zero based, Oop shift amount: 3
Narrow klass base: 0x0000000800000000, Narrow klass shift: 0
Compressed class space size: 1073741824 Address: 0x0000000800000000

Heap:
 garbage-first heap   total 86016K, used 45493K [0x0000000701c00000, 0x0000000800000000)
  region size 1024K, 23 young (23552K), 4 survivors (4096K)
 Metaspace       used 73405K, capacity 75210K, committed 75344K, reserved 1114112K
  class space    used 9205K, capacity 9945K, committed 9984K, reserved 1048576K
Heap Regions: E=young(eden), S=young(survivor), O=old, HS=humongous(starts), HC=humongous(continues), CS=collection set, F=free, A=archive, TAMS=top-at-mark-start (previous, next)
|   0|0x0000000701c00000, 0x0000000701d00000, 0x0000000701d00000|100%|HS|  |TAMS 0x0000000701c00000, 0x0000000701c00000| Untracked 
|   1|0x0000000701d00000, 0x0000000701dffff8, 0x0000000701e00000| 99%| O|  |TAMS 0x0000000701d00000, 0x0000000701d00000| Untracked 
|   2|0x0000000701e00000, 0x0000000701effff0, 0x0000000701f00000| 99%| O|  |TAMS 0x0000000701e00000, 0x0000000701e00000| Untracked 
|   3|0x0000000701f00000, 0x0000000701ffffe0, 0x0000000702000000| 99%| O|  |TAMS 0x0000000701f00000, 0x0000000701f00000| Untracked 
|   4|0x0000000702000000, 0x00000007020fffe0, 0x0000000702100000| 99%| O|  |TAMS 0x0000000702000000, 0x0000000702000000| Untracked 
|   5|0x0000000702100000, 0x00000007021fffe0, 0x0000000702200000| 99%| O|  |TAMS 0x0000000702100000, 0x0000000702100000| Untracked 
|   6|0x0000000702200000, 0x00000007022ffff0, 0x0000000702300000| 99%| O|  |TAMS 0x0000000702200000, 0x0000000702200000| Untracked 
|   7|0x0000000702300000, 0x0000000702400000, 0x0000000702400000|100%| O|  |TAMS 0x0000000702300000, 0x0000000702300000| Untracked 
|   8|0x0000000702400000, 0x00000007024fffd0, 0x0000000702500000| 99%| O|  |TAMS 0x0000000702400000, 0x0000000702400000| Untracked 
|   9|0x0000000702500000, 0x00000007025e8178, 0x0000000702600000| 90%| O|  |TAMS 0x0000000702500000, 0x0000000702500000| Untracked 
|  10|0x0000000702600000, 0x0000000702600000, 0x0000000702700000|  0%| F|  |TAMS 0x0000000702600000, 0x0000000702600000| Untracked 
|  11|0x0000000702700000, 0x0000000702700000, 0x0000000702800000|  0%| F|  |TAMS 0x0000000702700000, 0x0000000702700000| Untracked 
|  12|0x0000000702800000, 0x0000000702800000, 0x0000000702900000|  0%| F|  |TAMS 0x0000000702800000, 0x0000000702800000| Untracked 
|  13|0x0000000702900000, 0x0000000702900000, 0x0000000702a00000|  0%| F|  |TAMS 0x0000000702900000, 0x0000000702900000| Untracked 
|  14|0x0000000702a00000, 0x0000000702a00000, 0x0000000702b00000|  0%| F|  |TAMS 0x0000000702a00000, 0x0000000702a00000| Untracked 
|  15|0x0000000702b00000, 0x0000000702b00000, 0x0000000702c00000|  0%| F|  |TAMS 0x0000000702b00000, 0x0000000702b00000| Untracked 
|  16|0x0000000702c00000, 0x0000000702c00000, 0x0000000702d00000|  0%| F|  |TAMS 0x0000000702c00000, 0x0000000702c00000| Untracked 
|  17|0x0000000702d00000, 0x0000000702d00000, 0x0000000702e00000|  0%| F|  |TAMS 0x0000000702d00000, 0x0000000702d00000| Untracked 
|  18|0x0000000702e00000, 0x0000000702e00000, 0x0000000702f00000|  0%| F|  |TAMS 0x0000000702e00000, 0x0000000702e00000| Untracked 
|  19|0x0000000702f00000, 0x0000000702f00000, 0x0000000703000000|  0%| F|  |TAMS 0x0000000702f00000, 0x0000000702f00000| Untracked 
|  20|0x0000000703000000, 0x0000000703000000, 0x0000000703100000|  0%| F|  |TAMS 0x0000000703000000, 0x0000000703000000| Untracked 
|  21|0x0000000703100000, 0x0000000703100000, 0x0000000703200000|  0%| F|  |TAMS 0x0000000703100000, 0x0000000703100000| Untracked 
|  22|0x0000000703200000, 0x00000007032ad448, 0x0000000703300000| 67%| S|CS|TAMS 0x0000000703200000, 0x0000000703200000| Complete 
|  23|0x0000000703300000, 0x0000000703400000, 0x0000000703400000|100%| S|CS|TAMS 0x0000000703300000, 0x0000000703300000| Complete 
|  24|0x0000000703400000, 0x0000000703500000, 0x0000000703500000|100%| S|CS|TAMS 0x0000000703400000, 0x0000000703400000| Complete 
|  25|0x0000000703500000, 0x0000000703600000, 0x0000000703600000|100%| S|CS|TAMS 0x0000000703500000, 0x0000000703500000| Complete 
|  26|0x0000000703600000, 0x0000000703600000, 0x0000000703700000|  0%| F|  |TAMS 0x0000000703600000, 0x0000000703600000| Untracked 
|  27|0x0000000703700000, 0x0000000703700000, 0x0000000703800000|  0%| F|  |TAMS 0x0000000703700000, 0x0000000703700000| Untracked 
|  28|0x0000000703800000, 0x0000000703800000, 0x0000000703900000|  0%| F|  |TAMS 0x0000000703800000, 0x0000000703800000| Untracked 
|  29|0x0000000703900000, 0x0000000703900000, 0x0000000703a00000|  0%| F|  |TAMS 0x0000000703900000, 0x0000000703900000| Untracked 
|  30|0x0000000703a00000, 0x0000000703a00000, 0x0000000703b00000|  0%| F|  |TAMS 0x0000000703a00000, 0x0000000703a00000| Untracked 
|  31|0x0000000703b00000, 0x0000000703b00000, 0x0000000703c00000|  0%| F|  |TAMS 0x0000000703b00000, 0x0000000703b00000| Untracked 
|  32|0x0000000703c00000, 0x0000000703c00000, 0x0000000703d00000|  0%| F|  |TAMS 0x0000000703c00000, 0x0000000703c00000| Untracked 
|  33|0x0000000703d00000, 0x0000000703d00000, 0x0000000703e00000|  0%| F|  |TAMS 0x0000000703d00000, 0x0000000703d00000| Untracked 
|  34|0x0000000703e00000, 0x0000000703e00000, 0x0000000703f00000|  0%| F|  |TAMS 0x0000000703e00000, 0x0000000703e00000| Untracked 
|  35|0x0000000703f00000, 0x0000000703f00000, 0x0000000704000000|  0%| F|  |TAMS 0x0000000703f00000, 0x0000000703f00000| Untracked 
|  36|0x0000000704000000, 0x0000000704000000, 0x0000000704100000|  0%| F|  |TAMS 0x0000000704000000, 0x0000000704000000| Untracked 
|  37|0x0000000704100000, 0x0000000704100000, 0x0000000704200000|  0%| F|  |TAMS 0x0000000704100000, 0x0000000704100000| Untracked 
|  38|0x0000000704200000, 0x0000000704200000, 0x0000000704300000|  0%| F|  |TAMS 0x0000000704200000, 0x0000000704200000| Untracked 
|  39|0x0000000704300000, 0x0000000704300000, 0x0000000704400000|  0%| F|  |TAMS 0x0000000704300000, 0x0000000704300000| Untracked 
|  40|0x0000000704400000, 0x0000000704400000, 0x0000000704500000|  0%| F|  |TAMS 0x0000000704400000, 0x0000000704400000| Untracked 
|  41|0x0000000704500000, 0x0000000704500000, 0x0000000704600000|  0%| F|  |TAMS 0x0000000704500000, 0x0000000704500000| Untracked 
|  42|0x0000000704600000, 0x0000000704600000, 0x0000000704700000|  0%| F|  |TAMS 0x0000000704600000, 0x0000000704600000| Untracked 
|  43|0x0000000704700000, 0x0000000704700000, 0x0000000704800000|  0%| F|  |TAMS 0x0000000704700000, 0x0000000704700000| Untracked 
|  44|0x0000000704800000, 0x0000000704800000, 0x0000000704900000|  0%| F|  |TAMS 0x0000000704800000, 0x0000000704800000| Untracked 
|  45|0x0000000704900000, 0x0000000704900000, 0x0000000704a00000|  0%| F|  |TAMS 0x0000000704900000, 0x0000000704900000| Untracked 
|  46|0x0000000704a00000, 0x0000000704a00000, 0x0000000704b00000|  0%| F|  |TAMS 0x0000000704a00000, 0x0000000704a00000| Untracked 
|  47|0x0000000704b00000, 0x0000000704b00000, 0x0000000704c00000|  0%| F|  |TAMS 0x0000000704b00000, 0x0000000704b00000| Untracked 
|  48|0x0000000704c00000, 0x0000000704c00000, 0x0000000704d00000|  0%| F|  |TAMS 0x0000000704c00000, 0x0000000704c00000| Untracked 
|  49|0x0000000704d00000, 0x0000000704d00000, 0x0000000704e00000|  0%| F|  |TAMS 0x0000000704d00000, 0x0000000704d00000| Untracked 
|  50|0x0000000704e00000, 0x0000000704e25928, 0x0000000704f00000| 14%| E|  |TAMS 0x0000000704e00000, 0x0000000704e00000| Complete 
|  51|0x0000000704f00000, 0x0000000705000000, 0x0000000705000000|100%| E|CS|TAMS 0x0000000704f00000, 0x0000000704f00000| Complete 
|  52|0x0000000705000000, 0x0000000705100000, 0x0000000705100000|100%| E|CS|TAMS 0x0000000705000000, 0x0000000705000000| Complete 
|  53|0x0000000705100000, 0x0000000705200000, 0x0000000705200000|100%| E|CS|TAMS 0x0000000705100000, 0x0000000705100000| Complete 
|  54|0x0000000705200000, 0x0000000705300000, 0x0000000705300000|100%| E|CS|TAMS 0x0000000705200000, 0x0000000705200000| Complete 
|  55|0x0000000705300000, 0x0000000705400000, 0x0000000705400000|100%| E|CS|TAMS 0x0000000705300000, 0x0000000705300000| Complete 
|  56|0x0000000705400000, 0x0000000705500000, 0x0000000705500000|100%| E|CS|TAMS 0x0000000705400000, 0x0000000705400000| Complete 
|  57|0x0000000705500000, 0x0000000705600000, 0x0000000705600000|100%| E|CS|TAMS 0x0000000705500000, 0x0000000705500000| Complete 
|  58|0x0000000705600000, 0x0000000705700000, 0x0000000705700000|100%| E|CS|TAMS 0x0000000705600000, 0x0000000705600000| Complete 
|  59|0x0000000705700000, 0x0000000705800000, 0x0000000705800000|100%| E|CS|TAMS 0x0000000705700000, 0x0000000705700000| Complete 
|  60|0x0000000705800000, 0x0000000705900000, 0x0000000705900000|100%| E|CS|TAMS 0x0000000705800000, 0x0000000705800000| Complete 
|  61|0x0000000705900000, 0x0000000705a00000, 0x0000000705a00000|100%| E|CS|TAMS 0x0000000705900000, 0x0000000705900000| Complete 
|  62|0x0000000705a00000, 0x0000000705b00000, 0x0000000705b00000|100%| E|CS|TAMS 0x0000000705a00000, 0x0000000705a00000| Complete 
|  63|0x0000000705b00000, 0x0000000705c00000, 0x0000000705c00000|100%| E|CS|TAMS 0x0000000705b00000, 0x0000000705b00000| Complete 
|  64|0x0000000705c00000, 0x0000000705d00000, 0x0000000705d00000|100%| E|CS|TAMS 0x0000000705c00000, 0x0000000705c00000| Complete 
|  65|0x0000000705d00000, 0x0000000705e00000, 0x0000000705e00000|100%| E|CS|TAMS 0x0000000705d00000, 0x0000000705d00000| Complete 
|  66|0x0000000705e00000, 0x0000000705f00000, 0x0000000705f00000|100%| E|CS|TAMS 0x0000000705e00000, 0x0000000705e00000| Complete 
|  67|0x0000000705f00000, 0x0000000706000000, 0x0000000706000000|100%| E|CS|TAMS 0x0000000705f00000, 0x0000000705f00000| Complete 
|  68|0x0000000706000000, 0x0000000706100000, 0x0000000706100000|100%| E|CS|TAMS 0x0000000706000000, 0x0000000706000000| Complete 
|  69|0x0000000706100000, 0x0000000706200000, 0x0000000706200000|100%| O|  |TAMS 0x0000000706100000, 0x0000000706100000| Untracked 
|  71|0x0000000706300000, 0x0000000706400000, 0x0000000706400000|100%| O|  |TAMS 0x0000000706300000, 0x0000000706300000| Untracked 
|  72|0x0000000706400000, 0x0000000706460fc0, 0x0000000706500000| 37%| O|  |TAMS 0x0000000706400000, 0x0000000706400000| Untracked 
| 116|0x0000000709000000, 0x0000000709100000, 0x0000000709100000|100%| O|  |TAMS 0x0000000709000000, 0x0000000709000000| Untracked 
| 118|0x0000000709200000, 0x00000007092ffff0, 0x0000000709300000| 99%| O|  |TAMS 0x0000000709200000, 0x0000000709200000| Untracked 
| 121|0x0000000709500000, 0x0000000709573460, 0x0000000709600000| 45%| O|  |TAMS 0x0000000709500000, 0x0000000709500000| Untracked 
| 130|0x0000000709e00000, 0x0000000709effff0, 0x0000000709f00000| 99%| O|  |TAMS 0x0000000709e00000, 0x0000000709e00000| Untracked 
| 133|0x000000070a100000, 0x000000070a1f9938, 0x000000070a200000| 97%| O|  |TAMS 0x000000070a100000, 0x000000070a100000| Untracked 
| 135|0x000000070a300000, 0x000000070a3ffff8, 0x000000070a400000| 99%| O|  |TAMS 0x000000070a300000, 0x000000070a300000| Untracked 
| 136|0x000000070a400000, 0x000000070a4fffc8, 0x000000070a500000| 99%| O|  |TAMS 0x000000070a400000, 0x000000070a400000| Untracked 
| 139|0x000000070a700000, 0x000000070a7ffff0, 0x000000070a800000| 99%| O|  |TAMS 0x000000070a700000, 0x000000070a700000| Untracked 
| 141|0x000000070a900000, 0x000000070aa00000, 0x000000070aa00000|100%| O|  |TAMS 0x000000070a900000, 0x000000070a900000| Untracked 
| 142|0x000000070aa00000, 0x000000070aac7f20, 0x000000070ab00000| 78%| O|  |TAMS 0x000000070aa00000, 0x000000070aa00000| Untracked 
| 161|0x000000070bd00000, 0x000000070bdcae70, 0x000000070be00000| 79%| O|  |TAMS 0x000000070bd00000, 0x000000070bd00000| Untracked 
| 187|0x000000070d700000, 0x000000070d7774b0, 0x000000070d800000| 46%| O|  |TAMS 0x000000070d700000, 0x000000070d700000| Untracked 

Card table byte_map: [0x000002087d890000,0x000002087e090000] _byte_map_base: 0x000002087a082000

Marking Bits (Prev, Next): (CMBitMap*) 0x000002087491fcf0, (CMBitMap*) 0x000002087491fcb8
 Prev Bits: [0x0000020812f90000, 0x0000020816f20000)
 Next Bits: [0x000002080f000000, 0x0000020812f90000)

Polling page: 0x0000020872630000

Metaspace:

Usage:
  Non-class:     63.74 MB capacity,    62.70 MB ( 98%) used,   826.76 KB (  1%) free+waste,   237.94 KB ( <1%) overhead. 
      Class:      9.71 MB capacity,     8.99 MB ( 93%) used,   631.68 KB (  6%) free+waste,   108.06 KB (  1%) overhead. 
       Both:     73.45 MB capacity,    71.69 MB ( 98%) used,     1.42 MB (  2%) free+waste,   346.00 KB ( <1%) overhead. 

Virtual space:
  Non-class space:       64.00 MB reserved,      63.83 MB (>99%) committed 
      Class space:        1.00 GB reserved,       9.75 MB ( <1%) committed 
             Both:        1.06 GB reserved,      73.58 MB (  7%) committed 

Chunk freelists:
   Non-Class:  3.88 KB
       Class:  896 bytes
        Both:  4.75 KB

CodeHeap 'non-profiled nmethods': size=120000Kb used=6176Kb max_used=6176Kb free=113823Kb
 bounds [0x0000020807ad0000, 0x00000208080e0000, 0x000002080f000000]
CodeHeap 'profiled nmethods': size=120000Kb used=17451Kb max_used=17451Kb free=102548Kb
 bounds [0x00000208005a0000, 0x00000208016b0000, 0x0000020807ad0000]
CodeHeap 'non-nmethods': size=5760Kb used=1332Kb max_used=1426Kb free=4427Kb
 bounds [0x0000020800000000, 0x0000020800270000, 0x00000208005a0000]
 total_blobs=7518 nmethods=6905 adapters=531
 compilation: enabled
              stopped_count=0, restarted_count=0
 full_count=0

Compilation events (10 events):
Event: 626.271 Thread 0x0000020819044000 6956       3       org.apache.catalina.mapper.MapperListener::lifecycleEvent (178 bytes)
Event: 626.271 Thread 0x0000020819044000 nmethod 6956 0x00000208016a2510 code [0x00000208016a2820, 0x00000208016a4068]
Event: 626.271 Thread 0x0000020819044000 6957   !   3       org.apache.catalina.core.ContainerBase::getClusterInternal (38 bytes)
Event: 626.272 Thread 0x0000020819044000 nmethod 6957 0x00000208016a4410 code [0x00000208016a4660, 0x00000208016a4f38]
Event: 646.274 Thread 0x0000020819044000 6958       3       org.apache.catalina.core.StandardPipeline::getFirst (17 bytes)
Event: 646.274 Thread 0x0000020819044000 nmethod 6958 0x00000208016a5310 code [0x00000208016a54a0, 0x00000208016a55f8]
Event: 656.275 Thread 0x0000020819044000 6960   !   3       org.apache.catalina.core.ContainerBase::backgroundProcess (168 bytes)
Event: 656.280 Thread 0x0000020819044000 nmethod 6960 0x00000208016a5690 code [0x00000208016a59e0, 0x00000208016a7228]
Event: 656.280 Thread 0x0000020819044000 6959   !   3       org.apache.catalina.core.ContainerBase$ContainerBackgroundProcessor::processChildren (202 bytes)
Event: 656.281 Thread 0x0000020819044000 nmethod 6959 0x00000208016a7990 code [0x00000208016a7d40, 0x00000208016aa268]

GC Heap History (10 events):
Event: 6.970 GC heap before
{Heap before GC invocations=8 (full 0):
 garbage-first heap   total 262144K, used 132213K [0x0000000701c00000, 0x0000000800000000)
  region size 1024K, 124 young (126976K), 10 survivors (10240K)
 Metaspace       used 58840K, capacity 60156K, committed 60240K, reserved 1101824K
  class space    used 7358K, capacity 7904K, committed 7936K, reserved 1048576K
}
Event: 6.980 GC heap after
{Heap after GC invocations=9 (full 0):
 garbage-first heap   total 262144K, used 21533K [0x0000000701c00000, 0x0000000800000000)
  region size 1024K, 15 young (15360K), 15 survivors (15360K)
 Metaspace       used 58840K, capacity 60156K, committed 60240K, reserved 1101824K
  class space    used 7358K, capacity 7904K, committed 7936K, reserved 1048576K
}
Event: 424.928 GC heap before
{Heap before GC invocations=10 (full 0):
 garbage-first heap   total 262144K, used 141341K [0x0000000701c00000, 0x0000000800000000)
  region size 1024K, 133 young (136192K), 15 survivors (15360K)
 Metaspace       used 72277K, capacity 74073K, committed 74320K, reserved 1114112K
  class space    used 9156K, capacity 9886K, committed 9984K, reserved 1048576K
}
Event: 424.990 GC heap after
{Heap after GC invocations=11 (full 1):
 garbage-first heap   total 86016K, used 23295K [0x0000000701c00000, 0x0000000800000000)
  region size 1024K, 0 young (0K), 0 survivors (0K)
 Metaspace       used 72277K, capacity 74073K, committed 74320K, reserved 1114112K
  class space    used 9156K, capacity 9886K, committed 9984K, reserved 1048576K
}
Event: 426.129 GC heap before
{Heap before GC invocations=11 (full 1):
 garbage-first heap   total 86016K, used 63231K [0x0000000701c00000, 0x0000000800000000)
  region size 1024K, 40 young (40960K), 0 survivors (0K)
 Metaspace       used 72582K, capacity 74490K, committed 74576K, reserved 1114112K
  class space    used 9173K, capacity 9932K, committed 9984K, reserved 1048576K
}
Event: 426.132 GC heap after
{Heap after GC invocations=12 (full 1):
 garbage-first heap   total 86016K, used 26784K [0x0000000701c00000, 0x0000000800000000)
  region size 1024K, 4 young (4096K), 4 survivors (4096K)
 Metaspace       used 72582K, capacity 74490K, committed 74576K, reserved 1114112K
  class space    used 9173K, capacity 9932K, committed 9984K, reserved 1048576K
}
Event: 426.199 GC heap before
{Heap before GC invocations=12 (full 1):
 garbage-first heap   total 86016K, used 63648K [0x0000000701c00000, 0x0000000800000000)
  region size 1024K, 41 young (41984K), 4 survivors (4096K)
 Metaspace       used 72625K, capacity 74490K, committed 74576K, reserved 1114112K
  class space    used 9174K, capacity 9932K, committed 9984K, reserved 1048576K
}
Event: 426.202 GC heap after
{Heap after GC invocations=13 (full 1):
 garbage-first heap   total 86016K, used 26336K [0x0000000701c00000, 0x0000000800000000)
  region size 1024K, 3 young (3072K), 3 survivors (3072K)
 Metaspace       used 72625K, capacity 74490K, committed 74576K, reserved 1114112K
  class space    used 9174K, capacity 9932K, committed 9984K, reserved 1048576K
}
Event: 427.282 GC heap before
{Heap before GC invocations=13 (full 1):
 garbage-first heap   total 86016K, used 67296K [0x0000000701c00000, 0x0000000800000000)
  region size 1024K, 43 young (44032K), 3 survivors (3072K)
 Metaspace       used 73012K, capacity 74993K, committed 75088K, reserved 1114112K
  class space    used 9186K, capacity 9941K, committed 9984K, reserved 1048576K
}
Event: 427.286 GC heap after
{Heap after GC invocations=14 (full 1):
 garbage-first heap   total 86016K, used 27061K [0x0000000701c00000, 0x0000000800000000)
  region size 1024K, 4 young (4096K), 4 survivors (4096K)
 Metaspace       used 73012K, capacity 74993K, committed 75088K, reserved 1114112K
  class space    used 9186K, capacity 9941K, committed 9984K, reserved 1048576K
}

Deoptimization events (10 events):
Event: 425.539 Thread 0x0000020821efd800 Uncommon trap: reason=class_check action=make_not_entrant pc=0x0000020807fcd990 method=java.util.ArrayList.toArray([Ljava/lang/Object;)[Ljava/lang/Object; @ 21 c2
Event: 425.785 Thread 0x0000020821efd800 Uncommon trap: reason=array_check action=maybe_recompile pc=0x0000020807fdc2f4 method=java.util.concurrent.ConcurrentHashMap$CollectionView.toArray([Ljava/lang/Object;)[Ljava/lang/Object; @ 158 c2
Event: 425.802 Thread 0x0000020821efd800 Uncommon trap: reason=array_check action=maybe_recompile pc=0x0000020807fdc2f4 method=java.util.concurrent.ConcurrentHashMap$CollectionView.toArray([Ljava/lang/Object;)[Ljava/lang/Object; @ 158 c2
Event: 425.802 Thread 0x0000020821efd800 Uncommon trap: reason=array_check action=maybe_recompile pc=0x0000020807fa6c1c method=java.util.concurrent.ConcurrentHashMap$CollectionView.toArray([Ljava/lang/Object;)[Ljava/lang/Object; @ 158 c2
Event: 425.804 Thread 0x0000020821efd800 Uncommon trap: reason=array_check action=maybe_recompile pc=0x0000020807fdc2f4 method=java.util.concurrent.ConcurrentHashMap$CollectionView.toArray([Ljava/lang/Object;)[Ljava/lang/Object; @ 158 c2
Event: 425.993 Thread 0x0000020821efd800 Uncommon trap: reason=null_check action=make_not_entrant pc=0x0000020807e84650 method=java.lang.Class.getMethodsRecursive(Ljava/lang/String;[Ljava/lang/Class;Z)Ljava/lang/PublicMethods$MethodList; @ 26 c2
Event: 426.043 Thread 0x0000020821efd800 Uncommon trap: reason=array_check action=maybe_recompile pc=0x0000020807fa6c1c method=java.util.concurrent.ConcurrentHashMap$CollectionView.toArray([Ljava/lang/Object;)[Ljava/lang/Object; @ 158 c2
Event: 426.045 Thread 0x0000020821efd800 Uncommon trap: reason=bimorphic_or_optimized_type_check action=maybe_recompile pc=0x0000020807c2ce70 method=java.util.Collections$SetFromMap.contains(Ljava/lang/Object;)Z @ 5 c2
Event: 428.713 Thread 0x0000020821efd800 Uncommon trap: reason=bimorphic_or_optimized_type_check action=maybe_recompile pc=0x0000020807c2ce70 method=java.util.Collections$SetFromMap.contains(Ljava/lang/Object;)Z @ 5 c2
Event: 428.725 Thread 0x0000020821efd800 Uncommon trap: reason=class_check action=maybe_recompile pc=0x0000020807ddc94c method=java.lang.reflect.Method.equals(Ljava/lang/Object;)Z @ 5 c2

Classes redefined (8 events):
Event: 416.022 Thread 0x000002087f427800 redefined class name=com.homework.pizza_app.service.impl.OrderServiceImpl, count=1
Event: 416.043 Thread 0x000002087f427800 redefined class name=com.homework.pizza_app.service.impl.UserServiceImpl, count=1
Event: 623.917 Thread 0x000002087f427800 redefined class name=com.homework.pizza_app.service.impl.OrderServiceImpl, count=2
Event: 623.941 Thread 0x000002087f427800 redefined class name=com.homework.pizza_app.service.impl.OrderServiceImpl, count=1
Event: 753.465 Thread 0x000002087f427800 redefined class name=com.homework.pizza_app.service.impl.OrderServiceImpl, count=3
Event: 753.491 Thread 0x000002087f427800 redefined class name=com.homework.pizza_app.service.impl.UserServiceImpl, count=1
Event: 753.516 Thread 0x000002087f427800 redefined class name=com.homework.pizza_app.service.impl.OrderServiceImpl, count=2
Event: 753.541 Thread 0x000002087f427800 redefined class name=com.homework.pizza_app.service.impl.UserServiceImpl, count=2

Internal exceptions (10 events):
Event: 428.621 Thread 0x0000020821efd800 Exception <a 'java/lang/reflect/InvocationTargetException'{0x00000007055c0978}> (0x00000007055c0978) thrown at [./open/src/hotspot/share/runtime/reflection.cpp, line 1242]
Event: 428.674 Thread 0x0000020821efd800 Exception <a 'java/lang/ClassNotFoundException'{0x000000070548e5d0}: java/lang/ObjectCustomizer> (0x000000070548e5d0) thrown at [./open/src/hotspot/share/classfile/systemDictionary.cpp, line 228]
Event: 428.675 Thread 0x0000020821efd800 Exception <a 'java/lang/ClassNotFoundException'{0x00000007054a4420}: org/springframework/security/config/annotation/web/configuration/WebSecurityConfigurerAdapterCustomizer> (0x00000007054a4420) thrown at [./open/src/hotspot/share/classfile/systemDictiona
Event: 428.678 Thread 0x0000020821efd800 Exception <a 'java/lang/ClassNotFoundException'{0x00000007054ba5d0}: com/homework/pizza_app/security/WebSecurityCustomizer> (0x00000007054ba5d0) thrown at [./open/src/hotspot/share/classfile/systemDictionary.cpp, line 228]
Event: 428.680 Thread 0x0000020821efd800 Exception <a 'java/lang/ClassNotFoundException'{0x00000007054ceb58}: com/homework/pizza_app/security/WebSecurity$$EnhancerBySpringCGLIB$$26578931Customizer> (0x00000007054ceb58) thrown at [./open/src/hotspot/share/classfile/systemDictionary.cpp, line 228]
Event: 428.683 Thread 0x0000020821efd800 Exception <a 'java/lang/ClassNotFoundException'{0x00000007054ed7b0}: org/springframework/context/annotation/ConfigurationClassEnhancer$EnhancedConfigurationCustomizer> (0x00000007054ed7b0) thrown at [./open/src/hotspot/share/classfile/systemDictionary.cpp
Event: 428.684 Thread 0x0000020821efd800 Exception <a 'java/lang/ClassNotFoundException'{0x00000007054fbb88}: org/springframework/beans/factory/BeanFactoryAwareCustomizer> (0x00000007054fbb88) thrown at [./open/src/hotspot/share/classfile/systemDictionary.cpp, line 228]
Event: 428.685 Thread 0x0000020821efd800 Exception <a 'java/lang/ClassNotFoundException'{0x0000000705309ca8}: org/springframework/beans/factory/AwareCustomizer> (0x0000000705309ca8) thrown at [./open/src/hotspot/share/classfile/systemDictionary.cpp, line 228]
Event: 428.685 Thread 0x0000020821efd800 Exception <a 'java/lang/ClassNotFoundException'{0x000000070531a3e0}: org/springframework/security/config/annotation/web/WebSecurityConfigurerCustomizer> (0x000000070531a3e0) thrown at [./open/src/hotspot/share/classfile/systemDictionary.cpp, line 228]
Event: 428.687 Thread 0x0000020821efd800 Exception <a 'java/lang/ClassNotFoundException'{0x000000070532a260}: org/springframework/security/config/annotation/SecurityConfigurerCustomizer> (0x000000070532a260) thrown at [./open/src/hotspot/share/classfile/systemDictionary.cpp, line 228]

Events (10 events):
Event: 762.809 Executing VM operation: ChangeBreakpoints done
Event: 762.946 Executing VM operation: GetFrameCount
Event: 762.946 Executing VM operation: GetFrameCount done
Event: 762.946 Executing VM operation: GetFrameCount
Event: 762.947 Executing VM operation: GetFrameCount done
Event: 762.947 Executing VM operation: GetStackTrace
Event: 762.947 Executing VM operation: GetStackTrace done
Event: 771.710 Executing VM operation: GetFrameLocation
Event: 771.710 Executing VM operation: GetFrameLocation done
Event: 771.711 Executing VM operation: GetOrSetLocal


Dynamic libraries:
0x00007ff7a8910000 - 0x00007ff7a891f000 	C:\Program Files\Java\jdk-11.0.12\bin\java.exe
0x00007ff80a120000 - 0x00007ff80a310000 	C:\WINDOWS\SYSTEM32\ntdll.dll
0x00007fffd3020000 - 0x00007fffd3035000 	C:\Program Files\AVAST Software\Avast\aswhook.dll
0x00007ff809c30000 - 0x00007ff809ce2000 	C:\WINDOWS\System32\KERNEL32.DLL
0x00007ff807190000 - 0x00007ff807435000 	C:\WINDOWS\System32\KERNELBASE.dll
0x00007ff807090000 - 0x00007ff80718a000 	C:\WINDOWS\System32\ucrtbase.dll
0x00007ffff1ff0000 - 0x00007ffff2008000 	C:\Program Files\Java\jdk-11.0.12\bin\jli.dll
0x00007ff8035d0000 - 0x00007ff8035e5000 	C:\Program Files\Java\jdk-11.0.12\bin\VCRUNTIME140.dll
0x00007ff808be0000 - 0x00007ff808c83000 	C:\WINDOWS\System32\ADVAPI32.dll
0x00007ff809190000 - 0x00007ff80922e000 	C:\WINDOWS\System32\msvcrt.dll
0x00007ff808d60000 - 0x00007ff808df7000 	C:\WINDOWS\System32\sechost.dll
0x00007ff8087a0000 - 0x00007ff8088bf000 	C:\WINDOWS\System32\RPCRT4.dll
0x00007ff808a30000 - 0x00007ff808bc4000 	C:\WINDOWS\System32\USER32.dll
0x00007ff807df0000 - 0x00007ff807e11000 	C:\WINDOWS\System32\win32u.dll
0x00007ff808970000 - 0x00007ff808996000 	C:\WINDOWS\System32\GDI32.dll
0x00007fffe3b80000 - 0x00007fffe3e04000 	C:\WINDOWS\WinSxS\amd64_microsoft.windows.common-controls_6595b64144ccf1df_6.0.18362.1556_none_9e7e372fe45e41d5\COMCTL32.dll
0x00007ff807c50000 - 0x00007ff807de8000 	C:\WINDOWS\System32\gdi32full.dll
0x00007ff809da0000 - 0x00007ff80a0d6000 	C:\WINDOWS\System32\combase.dll
0x00007ff807f50000 - 0x00007ff807fee000 	C:\WINDOWS\System32\msvcp_win.dll
0x00007ff807440000 - 0x00007ff8074c1000 	C:\WINDOWS\System32\bcryptPrimitives.dll
0x00007ff800090000 - 0x00007ff80009a000 	C:\WINDOWS\SYSTEM32\VERSION.dll
0x00007ff808a00000 - 0x00007ff808a2e000 	C:\WINDOWS\System32\IMM32.DLL
0x00007fffeb6f0000 - 0x00007fffeb78b000 	C:\Program Files\Java\jdk-11.0.12\bin\msvcp140.dll
0x00007fff95b50000 - 0x00007fff9664f000 	C:\Program Files\Java\jdk-11.0.12\bin\server\jvm.dll
0x00007ff808bd0000 - 0x00007ff808bd8000 	C:\WINDOWS\System32\PSAPI.DLL
0x00007fffef3b0000 - 0x00007fffef3b9000 	C:\WINDOWS\SYSTEM32\WSOCK32.dll
0x00007ff802480000 - 0x00007ff8024a4000 	C:\WINDOWS\SYSTEM32\WINMM.dll
0x00007ff808f50000 - 0x00007ff808fbf000 	C:\WINDOWS\System32\WS2_32.dll
0x00007ff802450000 - 0x00007ff80247d000 	C:\WINDOWS\SYSTEM32\winmmbase.dll
0x00007ff808020000 - 0x00007ff80806a000 	C:\WINDOWS\System32\cfgmgr32.dll
0x00007ff807070000 - 0x00007ff807081000 	C:\WINDOWS\System32\kernel.appcore.dll
0x00007ff8035c0000 - 0x00007ff8035d0000 	C:\Program Files\Java\jdk-11.0.12\bin\verify.dll
0x00007ff8058b0000 - 0x00007ff805aa4000 	C:\WINDOWS\SYSTEM32\DBGHELP.DLL
0x00007ffffcc80000 - 0x00007ffffccaa000 	C:\WINDOWS\SYSTEM32\dbgcore.DLL
0x00007ff8003e0000 - 0x00007ff800408000 	C:\Program Files\Java\jdk-11.0.12\bin\java.dll
0x00007ff801de0000 - 0x00007ff801dea000 	C:\Program Files\Java\jdk-11.0.12\bin\jimage.dll
0x00007fffdf980000 - 0x00007fffdf9b8000 	C:\Program Files\Java\jdk-11.0.12\bin\jdwp.dll
0x00007ff8016f0000 - 0x00007ff801706000 	C:\Program Files\Java\jdk-11.0.12\bin\zip.dll
0x00007ff809400000 - 0x00007ff809ae7000 	C:\WINDOWS\System32\SHELL32.dll
0x00007ff8088c0000 - 0x00007ff808968000 	C:\WINDOWS\System32\shcore.dll
0x00007ff8074d0000 - 0x00007ff807c4b000 	C:\WINDOWS\System32\windows.storage.dll
0x00007ff807050000 - 0x00007ff80706e000 	C:\WINDOWS\System32\profapi.dll
0x00007ff806fe0000 - 0x00007ff80702a000 	C:\WINDOWS\System32\powrprof.dll
0x00007ff806fd0000 - 0x00007ff806fe0000 	C:\WINDOWS\System32\UMPDC.dll
0x00007ff809bd0000 - 0x00007ff809c22000 	C:\WINDOWS\System32\shlwapi.dll
0x00007ff807f30000 - 0x00007ff807f47000 	C:\WINDOWS\System32\cryptsp.dll
0x00007ffff2020000 - 0x00007ffff202a000 	C:\Program Files\Java\jdk-11.0.12\bin\dt_socket.dll
0x00007ff8067b0000 - 0x00007ff806817000 	C:\WINDOWS\System32\mswsock.dll
0x00007ff806500000 - 0x00007ff8065cb000 	C:\WINDOWS\SYSTEM32\DNSAPI.dll
0x00007ff8093f0000 - 0x00007ff8093f8000 	C:\WINDOWS\System32\NSI.dll
0x00007ff8064c0000 - 0x00007ff8064fa000 	C:\WINDOWS\SYSTEM32\IPHLPAPI.DLL
0x00007ffffe910000 - 0x00007ffffe987000 	C:\WINDOWS\System32\fwpuclnt.dll
0x00007ff807ff0000 - 0x00007ff808016000 	C:\WINDOWS\System32\bcrypt.dll
0x00007ff800410000 - 0x00007ff80041a000 	C:\Windows\System32\rasadhlp.dll
0x00007ff801510000 - 0x00007ff801529000 	C:\Program Files\Java\jdk-11.0.12\bin\net.dll
0x00007ff8005b0000 - 0x00007ff8006aa000 	C:\WINDOWS\SYSTEM32\WINHTTP.dll
0x00007ff800380000 - 0x00007ff800392000 	C:\Program Files\Java\jdk-11.0.12\bin\nio.dll
0x00007ff8007d0000 - 0x00007ff8007d9000 	C:\Program Files\Java\jdk-11.0.12\bin\management.dll
0x00007ff8003d0000 - 0x00007ff8003db000 	C:\Program Files\Java\jdk-11.0.12\bin\management_ext.dll
0x00007fffe8b90000 - 0x00007fffe8ba6000 	C:\WINDOWS\system32\napinsp.dll
0x00007fffe8b70000 - 0x00007fffe8b8a000 	C:\WINDOWS\system32\pnrpnsp.dll
0x00007fffe8a50000 - 0x00007fffe8a5e000 	C:\WINDOWS\System32\winrnr.dll
0x00007ff8032a0000 - 0x00007ff8032bc000 	C:\WINDOWS\system32\NLAapi.dll
0x00007ff8024f0000 - 0x00007ff802505000 	C:\WINDOWS\system32\wshbth.dll
0x00007ff806330000 - 0x00007ff806363000 	C:\WINDOWS\system32\rsaenh.dll
0x00007ff806ef0000 - 0x00007ff806f15000 	C:\WINDOWS\SYSTEM32\USERENV.dll
0x00007ff8069e0000 - 0x00007ff8069ec000 	C:\WINDOWS\SYSTEM32\CRYPTBASE.dll
0x00007ffffed20000 - 0x00007ffffed36000 	C:\WINDOWS\SYSTEM32\dhcpcsvc6.DLL
0x00007ff8000c0000 - 0x00007ff8000dc000 	C:\WINDOWS\SYSTEM32\dhcpcsvc.DLL
0x00007ffff12d0000 - 0x00007ffff12dd000 	C:\Program Files\Java\jdk-11.0.12\bin\sunmscapi.dll
0x00007ff808070000 - 0x00007ff8081c1000 	C:\WINDOWS\System32\CRYPT32.dll
0x00007ff807030000 - 0x00007ff807042000 	C:\WINDOWS\System32\MSASN1.dll
0x00007ff806af0000 - 0x00007ff806b16000 	C:\WINDOWS\SYSTEM32\ncrypt.dll
0x00007ff806ab0000 - 0x00007ff806aeb000 	C:\WINDOWS\SYSTEM32\NTASN1.dll
0x00007fffdf690000 - 0x00007fffdf6b5000 	C:\Program Files\Java\jdk-11.0.12\bin\sunec.dll

dbghelp: loaded successfully - version: 4.0.5 - missing functions: none
symbol engine: initialized successfully - sym options: 0x614 - pdb path: .;C:\Program Files\Java\jdk-11.0.12\bin;C:\WINDOWS\SYSTEM32;C:\Program Files\AVAST Software\Avast;C:\WINDOWS\WinSxS\amd64_microsoft.windows.common-controls_6595b64144ccf1df_6.0.18362.1556_none_9e7e372fe45e41d5;C:\Program Files\Java\jdk-11.0.12\bin\server

VM Arguments:
jvm_args: -agentlib:jdwp=transport=dt_socket,server=n,address=54914 
java_command: com.homework.pizza_app.PizzaAppApplication
java_class_path (initial): C:\Users\dritan\Documents\Projekte\pizza_app\target\classes;C:\Users\dritan\.m2\repository\org\springframework\boot\spring-boot-starter-web\2.5.4\spring-boot-starter-web-2.5.4.jar;C:\Users\dritan\.m2\repository\org\springframework\boot\spring-boot-starter\2.5.4\spring-boot-starter-2.5.4.jar;C:\Users\dritan\.m2\repository\org\springframework\boot\spring-boot-starter-logging\2.5.4\spring-boot-starter-logging-2.5.4.jar;C:\Users\dritan\.m2\repository\ch\qos\logback\logback-classic\1.2.5\logback-classic-1.2.5.jar;C:\Users\dritan\.m2\repository\ch\qos\logback\logback-core\1.2.5\logback-core-1.2.5.jar;C:\Users\dritan\.m2\repository\org\apache\logging\log4j\log4j-to-slf4j\2.14.1\log4j-to-slf4j-2.14.1.jar;C:\Users\dritan\.m2\repository\org\apache\logging\log4j\log4j-api\2.14.1\log4j-api-2.14.1.jar;C:\Users\dritan\.m2\repository\org\slf4j\jul-to-slf4j\1.7.32\jul-to-slf4j-1.7.32.jar;C:\Users\dritan\.m2\repository\jakarta\annotation\jakarta.annotation-api\1.3.5\jakarta.annotation-api-1.3.5.jar;C:\Users\dritan\.m2\repository\org\yaml\snakeyaml\1.28\snakeyaml-1.28.jar;C:\Users\dritan\.m2\repository\org\springframework\boot\spring-boot-starter-json\2.5.4\spring-boot-starter-json-2.5.4.jar;C:\Users\dritan\.m2\repository\com\fasterxml\jackson\datatype\jackson-datatype-jdk8\2.12.4\jackson-datatype-jdk8-2.12.4.jar;C:\Users\dritan\.m2\repository\com\fasterxml\jackson\datatype\jackson-datatype-jsr310\2.12.4\jackson-datatype-jsr310-2.12.4.jar;C:\Users\dritan\.m2\repository\com\fasterxml\jackson\module\jackson-module-parameter-names\2.12.4\jackson-module-parameter-names-2.12.4.jar;C:\Users\dritan\.m2\repository\org\springframework\boot\spring-boot-starter-tomcat\2.5.4\spring-boot-starter-tomcat-2.5.4.jar;C:\Users\dritan\.m2\repository\org\apache\tomcat\embed\tomcat-embed-core\9.0.52\tomcat-embed-core-9.0.52.jar;C:\Users\dritan\.m2\repository\org\apache\tomcat\embed\tomcat-embed-el\9.0.52\tomcat-embed-el-9.0.52.jar;C:\Users\dritan\.m2\repository\org\apache\tomc
Launcher Type: SUN_STANDARD

[Global flags]
     intx CICompilerCount                          = 4                                         {product} {ergonomic}
     uint ConcGCThreads                            = 2                                         {product} {ergonomic}
     uint G1ConcRefinementThreads                  = 8                                         {product} {ergonomic}
   size_t G1HeapRegionSize                         = 1048576                                   {product} {ergonomic}
    uintx GCDrainStackTargetSize                   = 64                                        {product} {ergonomic}
   size_t InitialHeapSize                          = 268435456                                 {product} {ergonomic}
   size_t MarkStackSize                            = 4194304                                   {product} {ergonomic}
   size_t MaxHeapSize                              = 4265607168                                {product} {ergonomic}
   size_t MaxNewSize                               = 2558525440                                {product} {ergonomic}
   size_t MinHeapDeltaBytes                        = 1048576                                   {product} {ergonomic}
    uintx NonNMethodCodeHeapSize                   = 5836300                                {pd product} {ergonomic}
    uintx NonProfiledCodeHeapSize                  = 122910970                              {pd product} {ergonomic}
    uintx ProfiledCodeHeapSize                     = 122910970                              {pd product} {ergonomic}
    uintx ReservedCodeCacheSize                    = 251658240                              {pd product} {ergonomic}
     bool SegmentedCodeCache                       = true                                      {product} {ergonomic}
     bool UseCompressedClassPointers               = true                                 {lp64_product} {ergonomic}
     bool UseCompressedOops                        = true                                 {lp64_product} {ergonomic}
     bool UseG1GC                                  = true                                      {product} {ergonomic}
     bool UseLargePagesIndividualAllocation        = false                                  {pd product} {ergonomic}

Logging:
Log output configuration:
 #0: stdout all=warning uptime,level,tags
 #1: stderr all=off uptime,level,tags

Environment Variables:
JAVA_HOME=C:\Program Files\Java\jdk-11.0.12
PATH=C:\Program Files\Common Files\Oracle\Java\javapath;C:\Program Files (x86)\Common Files\Oracle\Java\javapath;C:\Program Files (x86)\Intel\iCLS Client\;C:\Program Files\Intel\iCLS Client\;C:\Windows\system32;C:\Windows;C:\Windows\System32\Wbem;C:\Windows\System32\WindowsPowerShell\v1.0\;C:\Program Files (x86)\Intel\Intel(R) Management Engine Components\DAL;C:\Program Files\Intel\Intel(R) Management Engine Components\DAL;C:\Program Files (x86)\Intel\Intel(R) Management Engine Components\IPT;C:\Program Files\Intel\Intel(R) Management Engine Components\IPT;C:\Program Files (x86)\NVIDIA Corporation\PhysX\Common;C:\WINDOWS\system32;C:\WINDOWS;C:\WINDOWS\System32\Wbem;C:\WINDOWS\System32\WindowsPowerShell\v1.0\;C:\WINDOWS\System32\OpenSSH\;C:\Program Files\Intel\WiFi\bin\;C:\Program Files\Common Files\Intel\WirelessCommon\;C:\Program Files\Java\jdk1.8.0_221\bin;C:\apache-maven-3.8.1\bin;C:\Program Files\Java\jdk-11.0.12\bin;C:\Program Files\MySQL\MySQL Shell 8.0\bin\;C:\Users\dritan\AppData\Local\Microsoft\WindowsApps;C:\Users\dritan\AppData\Roaming\Dashlane\6.1848.0.15588\bin\Firefox_Extension\{442718d9-475e-452a-b3e1-fb1ee16b8e9f}\components;C:\Users\dritan\AppData\Roaming\Dashlane\6.1848.0.15588\ucrt;C:\Users\dritan\AppData\Roaming\Dashlane\6.1848.0.15588\bin\Qt;C:\Users\dritan\AppData\Roaming\Dashlane\6.1848.0.15588\ucrt;C:\Users\dritan\AppData\Roaming\Dashlane\6.1848.0.15588\bin\Ssl;C:\Program Files\Java\jdk1.8.0_221\bin;
USERNAME=dritan
OS=Windows_NT
PROCESSOR_IDENTIFIER=Intel64 Family 6 Model 142 Stepping 10, GenuineIntel



---------------  S Y S T E M  ---------------

OS: Windows 10 , 64 bit Build 18362 (10.0.18362.1500)

CPU:total 8 (initial active 8) (4 cores per cpu, 2 threads per core) family 6 model 142 stepping 10 microcode 0xe0, cmov, cx8, fxsr, mmx, sse, sse2, sse3, ssse3, sse4.1, sse4.2, popcnt, avx, avx2, aes, clmul, erms, 3dnowpref, lzcnt, ht, tsc, tscinvbit, bmi1, bmi2, adx, fma

Memory: 4k page, system-wide physical 16270M (7803M free)
TotalPageFile size 18702M (AvailPageFile size 5383M)
current process WorkingSet (physical memory assigned to process): 242M, peak: 488M
current process commit charge ("private bytes"): 300M, peak: 639M

vm_info: Java HotSpot(TM) 64-Bit Server VM (11.0.12+8-LTS-237) for windows-amd64 JRE (11.0.12+8-LTS-237), built on Jun  8 2021 11:25:59 by "mach5one" with MS VC++ 15.9 (VS2017)

END.
